<?xml version="1.0" encoding="utf-8"?><testsuites><testsuite name="pytest" errors="0" failures="0" skipped="0" tests="216" time="74.272" timestamp="2025-06-08T12:02:55.133333+03:00" hostname="Ariel_PC"><testcase classname="tests.test_ai_service" name="test_process_keywords_english" time="0.005" /><testcase classname="tests.test_ai_service" name="test_process_keywords_hebrew" time="0.002" /><testcase classname="tests.test_ai_service" name="test_process_keywords_empty_string" time="0.002" /><testcase classname="tests.test_ai_service" name="test_process_keywords_stop_words_only" time="0.001" /><testcase classname="tests.test_ai_service" name="test_process_keywords_mixed_case" time="0.001" /><testcase classname="tests.test_ai_service" name="test_process_keywords_hebrew_empty_string" time="0.001" /><testcase classname="tests.test_ai_service" name="test_process_keywords_hebrew_stop_words_only" time="0.001" /><testcase classname="tests.test_ai_service" name="test_process_keywords_hebrew_mixed_case" time="0.002" /><testcase classname="tests.test_ai_service" name="test_calculate_match_score_exact" time="0.001" /><testcase classname="tests.test_ai_service" name="test_calculate_match_score_partial" time="0.001" /><testcase classname="tests.test_ai_service" name="test_calculate_match_score_no_match" time="0.002" /><testcase classname="tests.test_ai_service" name="test_calculate_match_score_empty_query" time="0.001" /><testcase classname="tests.test_ai_service" name="test_calculate_match_score_empty_pattern" time="0.001" /><testcase classname="tests.test_ai_service" name="test_calculate_match_score_empty_both" time="0.001" /><testcase classname="tests.test_ai_service" name="test_calculate_match_score_query_in_pattern" time="0.001" /><testcase classname="tests.test_ai_service" name="test_calculate_match_score_pattern_in_query_hebrew" time="0.001" /><testcase classname="tests.test_ai_service" name="test_calculate_match_score_query_in_pattern_hebrew" time="0.001" /><testcase classname="tests.test_ai_service" name="test_calculate_match_score_keyword_hebrew_partial_match" time="0.002" /><testcase classname="tests.test_ai_service" name="test_calculate_match_score_no_keywords_query" time="0.001" /><testcase classname="tests.test_ai_service" name="test_calculate_match_score_no_keywords_pattern" time="0.001" /><testcase classname="tests.test_ai_service" name="test_process_message_english" time="0.226" /><testcase classname="tests.test_ai_service" name="test_process_message_hebrew" time="0.213" /><testcase classname="tests.test_ai_service" name="test_process_message_empty" time="0.003" /><testcase classname="tests.test_ai_service" name="test_process_message_special_characters" time="0.997" /><testcase classname="tests.test_ai_service" name="test_process_message_error_handling" time="0.020" /><testcase classname="tests.test_ai_service" name="test_process_message_language_detection" time="0.421" /><testcase classname="tests.test_ai_service" name="test_process_message_exact_faq_match" time="0.004" /><testcase classname="tests.test_ai_service" name="test_process_message_partial_faq_match" time="0.222" /><testcase classname="tests.test_ai_service" name="test_process_message_hebrew_faq" time="0.232" /><testcase classname="tests.test_ai_service" name="test_process_message_openai_fallback" time="2.926" /><testcase classname="tests.test_ai_service" name="test_openai_api_call" time="2.855" /><testcase classname="tests.test_ai_service" name="test_load_faq_data_success" time="0.006" /><testcase classname="tests.test_ai_service" name="test_load_faq_data_file_not_found" time="0.005" /><testcase classname="tests.test_ai_service" name="test_load_faq_data_json_decode_error" time="0.006" /><testcase classname="tests.test_ai_service" name="test_load_faq_data_empty_json_object" time="0.006" /><testcase classname="tests.test_ai_service" name="test_load_faq_data_missing_faqs_key" time="0.003" /><testcase classname="tests.test_ai_service" name="test_call_openai_api_not_available" time="0.025" /><testcase classname="tests.test_ai_service" name="test_call_openai_api_openai_error" time="0.004" /><testcase classname="tests.test_ai_service" name="test_call_openai_api_openai_not_available" time="0.002" /><testcase classname="tests.test_ai_service" name="test_call_openai_api_attribute_error" time="0.004" /><testcase classname="tests.test_ai_service" name="test_process_message_with_none_language" time="21.951" /><testcase classname="tests.test_db_connection" name="test_add_user_and_duplicate" time="0.155" /><testcase classname="tests.test_db_connection" name="test_add_user_professor" time="0.075" /><testcase classname="tests.test_db_connection" name="test_direct_add_and_update" time="0.101" /><testcase classname="tests.test_db_connection" name="test_requests_and_notifications_flow" time="0.110" /><testcase classname="tests.test_db_connection" name="test_course_student_course_and_response_and_assign" time="0.157" /><testcase classname="tests.test_fast_unit" name="test_verify_token_ok" time="0.005" /><testcase classname="tests.test_fast_unit" name="test_verify_token_prof_guard" time="0.001" /><testcase classname="tests.test_fast_unit" name="test_upload_too_large" time="0.087" /><testcase classname="tests.test_fast_unit" name="test_reload_files_empty" time="0.027" /><testcase classname="tests.test_fast_unit" name="test_mark_all_notifications" time="0.019" /><testcase classname="tests.test_imports" name="test_import_everything" time="0.001" /><testcase classname="tests.test_integration_api" name="test_full_flow" time="0.712" /><testcase classname="tests.test_integration_api" name="test_ai_service_integration" time="0.140" /><testcase classname="tests.test_integration_api" name="test_file_upload_download_integration" time="0.395" /><testcase classname="tests.test_integration_api" name="test_professor_student_assignment_integration" time="0.922" /><testcase classname="tests.test_integration_api" name="test_grade_management_integration" time="1.104" /><testcase classname="tests.test_integration_api" name="test_professor_availability_integration" time="0.429" /><testcase classname="tests.test_main" name="test_login_matrix[override_session_with_data-student1@sce.ac.il-password-200]" time="0.434" /><testcase classname="tests.test_main" name="test_login_matrix[override_session_without_data-nosuch@sce.ac.il-password-404]" time="0.227" /><testcase classname="tests.test_main" name="test_login_matrix[override_session_with_data-student1@sce.ac.il-BAD-401]" time="0.436" /><testcase classname="tests.test_main" name="test_login_success" time="0.447" /><testcase classname="tests.test_main" name="test_login_fail" time="0.444" /><testcase classname="tests.test_main" name="test_create_access_token" time="0.001" /><testcase classname="tests.test_main" name="test_verify_token_professor" time="0.001" /><testcase classname="tests.test_main" name="test_home" time="0.005" /><testcase classname="tests.test_main" name="test_list_databases" time="0.004" /><testcase classname="tests.test_main" name="test_list_tables" time="0.008" /><testcase classname="tests.test_main" name="test_list_users" time="1.748" /><testcase classname="tests.test_main" name="test_get_users" time="0.225" /><testcase classname="tests.test_main" name="test_create_user" time="0.453" /><testcase classname="tests.test_main" name="test_create_user_duplicate" time="0.233" /><testcase classname="tests.test_main" name="test_set_role" time="0.234" /><testcase classname="tests.test_main" name="test_get_user_student" time="0.451" /><testcase classname="tests.test_main" name="test_get_user_professor" time="0.450" /><testcase classname="tests.test_main" name="test_get_courses" time="0.451" /><testcase classname="tests.test_main" name="test_get_student_courses" time="0.228" /><testcase classname="tests.test_main" name="test_get_student_courses_invalid_email" time="0.006" /><testcase classname="tests.test_main" name="test_get_student_courses_empty_email" time="0.005" /><testcase classname="tests.test_main" name="test_upload_missing_filetype" time="0.006" /><testcase classname="tests.test_main" name="test_upload_file_success" time="0.014" /><testcase classname="tests.test_main" name="test_reload_files" time="0.008" /><testcase classname="tests.test_main" name="test_create_general_request" time="0.449" /><testcase classname="tests.test_main" name="test_create_grade_appeal_request" time="0.452" /><testcase classname="tests.test_main" name="test_create_schedule_change_request" time="0.458" /><testcase classname="tests.test_main" name="test_create_request_missing_title" time="0.005" /><testcase classname="tests.test_main" name="test_create_request_missing_student_email" time="0.005" /><testcase classname="tests.test_main" name="test_create_request_invalid_grade_appeal" time="0.009" /><testcase classname="tests.test_main" name="test_create_request_invalid_schedule_change" time="0.007" /><testcase classname="tests.test_main_extended" name="test_create_access_token" time="0.001" /><testcase classname="tests.test_main_extended" name="test_verify_token_valid" time="0.004" /><testcase classname="tests.test_main_extended" name="test_verify_token_invalid_signature" time="0.002" /><testcase classname="tests.test_main_extended" name="test_verify_token_missing_email" time="0.003" /><testcase classname="tests.test_main_extended" name="test_verify_token_missing_role" time="0.006" /><testcase classname="tests.test_main_extended" name="test_verify_token_expired" time="0.024" /><testcase classname="tests.test_main_extended" name="test_verify_token_professor_valid" time="0.027" /><testcase classname="tests.test_main_extended" name="test_verify_token_professor_invalid_role" time="0.004" /><testcase classname="tests.test_main_extended" name="test_verify_token_professor_missing_role_in_payload" time="0.003" /><testcase classname="tests.test_main_extended" name="test_verify_token_student_valid" time="0.006" /><testcase classname="tests.test_main_extended" name="test_verify_token_student_invalid_role" time="0.005" /><testcase classname="tests.test_main_extended" name="test_verify_token_student_missing_role_in_payload" time="0.007" /><testcase classname="tests.test_main_extended" name="test_chat_request_valid" time="0.001" /><testcase classname="tests.test_main_extended" name="test_chat_request_valid_no_language" time="0.001" /><testcase classname="tests.test_main_extended" name="test_chat_request_missing_message" time="0.001" /><testcase classname="tests.test_main_extended" name="test_chat_request_message_empty_string" time="0.001" /><testcase classname="tests.test_main_extended" name="test_unavailability_period_valid" time="0.001" /><testcase classname="tests.test_main_extended" name="test_unavailability_period_no_reason" time="0.002" /><testcase classname="tests.test_main_extended" name="test_unavailability_period_missing_start_date" time="0.001" /><testcase classname="tests.test_main_extended" name="test_unavailability_period_missing_end_date" time="0.001" /><testcase classname="tests.test_main_extended" name="test_unavailability_period_invalid_date_type" time="0.001" /><testcase classname="tests.test_main_extended" name="test_assign_professor_request_valid" time="0.001" /><testcase classname="tests.test_main_extended" name="test_assign_professor_request_missing_email" time="0.001" /><testcase classname="tests.test_main_extended" name="test_assign_professor_request_missing_course_ids" time="0.001" /><testcase classname="tests.test_main_extended" name="test_assign_professor_request_invalid_course_ids_type" time="0.001" /><testcase classname="tests.test_main_extended" name="test_assign_professor_request_empty_course_ids" time="0.001" /><testcase classname="tests.test_main_extended" name="test_assign_students_request_valid" time="0.001" /><testcase classname="tests.test_main_extended" name="test_assign_students_request_missing_emails" time="0.001" /><testcase classname="tests.test_main_extended" name="test_assign_students_request_missing_course_id" time="0.001" /><testcase classname="tests.test_main_extended" name="test_assign_students_request_invalid_emails_type" time="0.002" /><testcase classname="tests.test_main_extended" name="test_assign_students_request_empty_emails_list" time="0.002" /><testcase classname="tests.test_main_extended" name="test_response_request_valid" time="0.001" /><testcase classname="tests.test_main_extended" name="test_response_request_missing_request_id" time="0.001" /><testcase classname="tests.test_main_extended" name="test_response_request_missing_professor_email" time="0.002" /><testcase classname="tests.test_main_extended" name="test_response_request_missing_response_text" time="0.002" /><testcase classname="tests.test_main_extended" name="test_response_request_invalid_request_id_type" time="0.001" /><testcase classname="tests.test_main_extended" name="test_transfer_request_valid_with_course_id" time="0.001" /><testcase classname="tests.test_main_extended" name="test_transfer_request_valid_no_course_id" time="0.001" /><testcase classname="tests.test_main_extended" name="test_transfer_request_valid_explicit_none_course_id" time="0.001" /><testcase classname="tests.test_main_extended" name="test_transfer_request_missing_reason" time="0.001" /><testcase classname="tests.test_main_extended" name="test_transfer_request_invalid_course_id_type" time="0.001" /><testcase classname="tests.test_main_extended" name="test_create_access_token_basic" time="0.002" /><testcase classname="tests.test_main_extended" name="test_verify_token_functions" time="0.001" /><testcase classname="tests.test_main_extended" name="test_verify_token_errors" time="0.003" /><testcase classname="tests.test_main_extended" name="test_home_endpoint" time="0.010" /><testcase classname="tests.test_main_extended" name="test_list_databases_endpoint" time="0.007" /><testcase classname="tests.test_main_extended" name="test_list_tables_endpoint" time="0.006" /><testcase classname="tests.test_main_extended" name="test_upload_file_success" time="0.010" /><testcase classname="tests.test_main_extended" name="test_reload_files_success" time="0.006" /><testcase classname="tests.test_main_extended" name="test_download_file_success" time="0.005" /><testcase classname="tests.test_main_extended" name="test_download_file_not_found" time="0.004" /><testcase classname="tests.test_main_extended" name="test_sqlite_functions" time="0.001" /><testcase classname="tests.test_main_extended" name="test_pydantic_model_edge_cases" time="0.001" /><testcase classname="tests.test_main_extended" name="test_simple_error_conditions" time="0.001" /><testcase classname="tests.test_main_extended" name="test_main_constants_and_setup" time="0.001" /><testcase classname="tests.test_main_extended" name="test_oauth2_scheme" time="0.001" /><testcase classname="tests.test_main_extended" name="test_upload_file_size_validation" time="0.009" /><testcase classname="tests.test_main_extended" name="test_login_function_logic" time="0.006" /><testcase classname="tests.test_main_extended" name="test_login_invalid_password" time="0.451" /><testcase classname="tests.test_main_extended" name="test_ai_chat_function_error" time="0.003" /><testcase classname="tests.test_main_extended" name="test_jwt_import_fallback" time="0.001" /><testcase classname="tests.test_main_extended" name="test_home_function" time="0.001" /><testcase classname="tests.test_main_extended" name="test_list_databases_function" time="0.001" /><testcase classname="tests.test_main_extended" name="test_list_tables_function" time="0.001" /><testcase classname="tests.test_main_extended" name="test_reload_files_function" time="0.010" /><testcase classname="tests.test_main_extended" name="test_download_file_function" time="0.004" /><testcase classname="tests.test_main_extended" name="test_create_access_token_comprehensive" time="0.002" /><testcase classname="tests.test_main_extended" name="test_verify_token_comprehensive" time="0.002" /><testcase classname="tests.test_main_extended" name="test_role_verification_functions" time="0.001" /><testcase classname="tests.test_main_extended" name="test_pydantic_models_comprehensive" time="0.001" /><testcase classname="tests.test_main_extended" name="test_lifespan_function_exists" time="0.001" /><testcase classname="tests.test_main_extended" name="test_app_configuration_comprehensive" time="0.001" /><testcase classname="tests.test_main_extended" name="test_constants_comprehensive" time="0.001" /><testcase classname="tests.test_main_extended" name="test_all_imports" time="0.001" /><testcase classname="tests.test_main_extended" name="test_get_requests_function" time="0.005" /><testcase classname="tests.test_main_extended" name="test_get_requests_secretary" time="0.004" /><testcase classname="tests.test_main_extended" name="test_get_professor_requests_function" time="0.005" /><testcase classname="tests.test_main_extended" name="test_create_user_function" time="0.225" /><testcase classname="tests.test_main_extended" name="test_get_users_coverage" time="0.004" /><testcase classname="tests.test_main_extended" name="test_get_courses_coverage" time="0.005" /><testcase classname="tests.test_main_extended" name="test_set_role_user_not_found" time="0.026" /><testcase classname="tests.test_main_extended" name="test_get_user_not_found" time="0.006" /><testcase classname="tests.test_main_extended" name="test_submit_grades_missing_data" time="0.004" /><testcase classname="tests.test_main_extended" name="test_get_students_course_not_found" time="0.005" /><testcase classname="tests.test_main_extended" name="test_create_general_request_missing_data" time="0.006" /><testcase classname="tests.test_main_extended" name="test_delete_request_not_found" time="0.004" /><testcase classname="tests.test_main_extended" name="test_edit_request_not_found" time="0.005" /><testcase classname="tests.test_main_extended" name="test_get_student_courses_empty_email" time="0.004" /><testcase classname="tests.test_main_extended" name="test_get_grades_no_grades" time="0.004" /><testcase classname="tests.test_main_extended" name="test_assign_students_coverage" time="0.006" /><testcase classname="tests.test_main_extended" name="test_assign_professor_coverage" time="0.007" /><testcase classname="tests.test_main_extended" name="test_get_assigned_students_coverage" time="0.006" /><testcase classname="tests.test_main_extended" name="test_simple_function_coverage" time="0.009" /><testcase classname="tests.test_main_extended" name="test_login_error_paths" time="0.023" /><testcase classname="tests.test_main_extended" name="test_upload_file_error_paths" time="0.004" /><testcase classname="tests.test_main_extended" name="test_app_and_constants" time="0.001" /><testcase classname="tests.test_main_extended" name="test_function_existence" time="0.001" /><testcase classname="tests.test_main_extended" name="test_lifespan_function_simple" time="0.001" /><testcase classname="tests.test_request_endpoints" name="test_create_request" time="0.440" /><testcase classname="tests.test_request_endpoints" name="test_delete_request" time="0.453" /><testcase classname="tests.test_request_endpoints" name="test_edit_request" time="0.444" /><testcase classname="tests.test_request_endpoints" name="test_transfer_request" time="0.436" /><testcase classname="tests.test_request_endpoints" name="test_create_request_missing_fields" time="0.005" /><testcase classname="tests.test_request_endpoints" name="test_edit_nonexistent_request" time="0.008" /><testcase classname="tests.test_request_endpoints" name="test_request_timeline_updates" time="1.083" /><testcase classname="tests.test_request_endpoints" name="test_request_routing_rules" time="0.442" /><testcase classname="tests.test_request_endpoints" name="test_home" time="0.005" /><testcase classname="tests.test_request_endpoints" name="test_list_databases" time="0.006" /><testcase classname="tests.test_request_endpoints" name="test_list_tables" time="0.007" /><testcase classname="tests.test_request_endpoints" name="test_get_users" time="0.230" /><testcase classname="tests.test_request_endpoints" name="test_get_users_with_role" time="0.228" /><testcase classname="tests.test_request_endpoints" name="test_get_courses" time="0.233" /><testcase classname="tests.test_request_endpoints" name="test_get_routing_rules" time="0.234" /><testcase classname="tests.test_simple_endpoints" name="test_home" time="0.005" /><testcase classname="tests.test_simple_endpoints" name="test_list_databases" time="0.004" /><testcase classname="tests.test_simple_endpoints" name="test_list_tables" time="0.008" /><testcase classname="tests.test_simple_endpoints" name="test_get_users" time="0.238" /><testcase classname="tests.test_simple_endpoints" name="test_get_users_with_role" time="0.230" /><testcase classname="tests.test_simple_endpoints" name="test_get_courses" time="0.234" /><testcase classname="tests.test_simple_endpoints" name="test_get_routing_rules" time="0.227" /><testcase classname="tests.test_simple_endpoints" name="test_ai_chat_basic" time="1.090" /><testcase classname="tests.test_simple_endpoints" name="test_ai_chat_no_language" time="21.695" /><testcase classname="tests.test_simple_endpoints" name="test_reload_files" time="0.005" /><testcase classname="tests.test_simple_endpoints" name="test_download_file" time="0.009" /><testcase classname="tests.test_simple_endpoints" name="test_get_dashboard" time="0.008" /><testcase classname="tests.test_simple_endpoints" name="test_get_user_by_email" time="0.238" /><testcase classname="tests.test_simple_endpoints" name="test_get_professor_courses" time="0.449" /></testsuite></testsuites>