<?xml version="1.0" encoding="utf-8"?><testsuites><testsuite name="pytest" errors="3" failures="0" skipped="1" tests="38" time="9.168" timestamp="2025-05-18T15:21:55.345794+03:00" hostname="Udis-MacBook-Pro.local"><testcase classname="tests.test_fast_unit" name="test_verify_token_ok" time="0.006" /><testcase classname="tests.test_fast_unit" name="test_verify_token_prof_guard" time="0.002" /><testcase classname="tests.test_fast_unit" name="test_upload_too_large" time="0.093" /><testcase classname="tests.test_fast_unit" name="test_reload_files_empty" time="0.009" /><testcase classname="tests.test_fast_unit" name="test_mark_all_notifications" time="0.007" /><testcase classname="tests.test_integration_api" name="test_full_flow" time="0.002"><skipped type="pytest.skip" message="async def function and no async plugin installed (see warnings)">/Users/udivak/Desktop/Software Engineering/BS-PM-2025-TEAM14/venv/lib/python3.12/site-packages/_pytest/python.py:149: async def function and no async plugin installed (see warnings)</skipped></testcase><testcase classname="tests.test_main" name="test_login_matrix[student1@sce.ac.il-password-200]" time="0.001"><error message="failed on setup with &quot;file /Users/udivak/Desktop/Software Engineering/BS-PM-2025-TEAM14/backend/tests/test_main.py, line 9&#10;  @pytest.mark.parametrize(&quot;email,password,code&quot;, [&#10;      (&quot;student1@sce.ac.il&quot;, &quot;password&quot;, 200),&#10;      (&quot;nosuch@sce.ac.il&quot;, &quot;password&quot;, 404),&#10;      (&quot;student1@sce.ac.il&quot;, &quot;BAD&quot;, 401),&#10;  ])&#10;&#10;  def test_login_matrix(request, fixture, email, password, code):&#10;E       fixture 'fixture' not found&#10;&gt;       available fixtures: .::&lt;event_loop&gt;, _session_event_loop, anyio_backend, anyio_backend_name, anyio_backend_options, cache, capfd, capfdbinary, caplog, capsys, capsysbinary, cov, doctest_namespace, event_loop, event_loop_policy, include_metadata_in_junit_xml, json_metadata, metadata, monkeypatch, no_cover, override_professor_session, override_session_with_data, override_session_without_data, override_student_session, pytestconfig, record_property, record_testsuite_property, record_xml_attribute, recwarn, tests/test_main.py::&lt;event_loop&gt;, tmp_path, tmp_path_factory, tmpdir, tmpdir_factory, unused_tcp_port, unused_tcp_port_factory, unused_udp_port, unused_udp_port_factory&#10;&gt;       use 'pytest --fixtures [testpath]' for help on them.&#10;&#10;/Users/udivak/Desktop/Software Engineering/BS-PM-2025-TEAM14/backend/tests/test_main.py:9&quot;">file /Users/udivak/Desktop/Software Engineering/BS-PM-2025-TEAM14/backend/tests/test_main.py, line 9
  @pytest.mark.parametrize("email,password,code", [
      ("student1@sce.ac.il", "password", 200),
      ("nosuch@sce.ac.il", "password", 404),
      ("student1@sce.ac.il", "BAD", 401),
  ])

  def test_login_matrix(request, fixture, email, password, code):
E       fixture 'fixture' not found
&gt;       available fixtures: .::&lt;event_loop&gt;, _session_event_loop, anyio_backend, anyio_backend_name, anyio_backend_options, cache, capfd, capfdbinary, caplog, capsys, capsysbinary, cov, doctest_namespace, event_loop, event_loop_policy, include_metadata_in_junit_xml, json_metadata, metadata, monkeypatch, no_cover, override_professor_session, override_session_with_data, override_session_without_data, override_student_session, pytestconfig, record_property, record_testsuite_property, record_xml_attribute, recwarn, tests/test_main.py::&lt;event_loop&gt;, tmp_path, tmp_path_factory, tmpdir, tmpdir_factory, unused_tcp_port, unused_tcp_port_factory, unused_udp_port, unused_udp_port_factory
&gt;       use 'pytest --fixtures [testpath]' for help on them.

/Users/udivak/Desktop/Software Engineering/BS-PM-2025-TEAM14/backend/tests/test_main.py:9</error></testcase><testcase classname="tests.test_main" name="test_login_matrix[nosuch@sce.ac.il-password-404]" time="0.001"><error message="failed on setup with &quot;file /Users/udivak/Desktop/Software Engineering/BS-PM-2025-TEAM14/backend/tests/test_main.py, line 9&#10;  @pytest.mark.parametrize(&quot;email,password,code&quot;, [&#10;      (&quot;student1@sce.ac.il&quot;, &quot;password&quot;, 200),&#10;      (&quot;nosuch@sce.ac.il&quot;, &quot;password&quot;, 404),&#10;      (&quot;student1@sce.ac.il&quot;, &quot;BAD&quot;, 401),&#10;  ])&#10;&#10;  def test_login_matrix(request, fixture, email, password, code):&#10;E       fixture 'fixture' not found&#10;&gt;       available fixtures: .::&lt;event_loop&gt;, _session_event_loop, anyio_backend, anyio_backend_name, anyio_backend_options, cache, capfd, capfdbinary, caplog, capsys, capsysbinary, cov, doctest_namespace, event_loop, event_loop_policy, include_metadata_in_junit_xml, json_metadata, metadata, monkeypatch, no_cover, override_professor_session, override_session_with_data, override_session_without_data, override_student_session, pytestconfig, record_property, record_testsuite_property, record_xml_attribute, recwarn, tests/test_main.py::&lt;event_loop&gt;, tmp_path, tmp_path_factory, tmpdir, tmpdir_factory, unused_tcp_port, unused_tcp_port_factory, unused_udp_port, unused_udp_port_factory&#10;&gt;       use 'pytest --fixtures [testpath]' for help on them.&#10;&#10;/Users/udivak/Desktop/Software Engineering/BS-PM-2025-TEAM14/backend/tests/test_main.py:9&quot;">file /Users/udivak/Desktop/Software Engineering/BS-PM-2025-TEAM14/backend/tests/test_main.py, line 9
  @pytest.mark.parametrize("email,password,code", [
      ("student1@sce.ac.il", "password", 200),
      ("nosuch@sce.ac.il", "password", 404),
      ("student1@sce.ac.il", "BAD", 401),
  ])

  def test_login_matrix(request, fixture, email, password, code):
E       fixture 'fixture' not found
&gt;       available fixtures: .::&lt;event_loop&gt;, _session_event_loop, anyio_backend, anyio_backend_name, anyio_backend_options, cache, capfd, capfdbinary, caplog, capsys, capsysbinary, cov, doctest_namespace, event_loop, event_loop_policy, include_metadata_in_junit_xml, json_metadata, metadata, monkeypatch, no_cover, override_professor_session, override_session_with_data, override_session_without_data, override_student_session, pytestconfig, record_property, record_testsuite_property, record_xml_attribute, recwarn, tests/test_main.py::&lt;event_loop&gt;, tmp_path, tmp_path_factory, tmpdir, tmpdir_factory, unused_tcp_port, unused_tcp_port_factory, unused_udp_port, unused_udp_port_factory
&gt;       use 'pytest --fixtures [testpath]' for help on them.

/Users/udivak/Desktop/Software Engineering/BS-PM-2025-TEAM14/backend/tests/test_main.py:9</error></testcase><testcase classname="tests.test_main" name="test_login_matrix[student1@sce.ac.il-BAD-401]" time="0.002"><error message="failed on setup with &quot;file /Users/udivak/Desktop/Software Engineering/BS-PM-2025-TEAM14/backend/tests/test_main.py, line 9&#10;  @pytest.mark.parametrize(&quot;email,password,code&quot;, [&#10;      (&quot;student1@sce.ac.il&quot;, &quot;password&quot;, 200),&#10;      (&quot;nosuch@sce.ac.il&quot;, &quot;password&quot;, 404),&#10;      (&quot;student1@sce.ac.il&quot;, &quot;BAD&quot;, 401),&#10;  ])&#10;&#10;  def test_login_matrix(request, fixture, email, password, code):&#10;E       fixture 'fixture' not found&#10;&gt;       available fixtures: .::&lt;event_loop&gt;, _session_event_loop, anyio_backend, anyio_backend_name, anyio_backend_options, cache, capfd, capfdbinary, caplog, capsys, capsysbinary, cov, doctest_namespace, event_loop, event_loop_policy, include_metadata_in_junit_xml, json_metadata, metadata, monkeypatch, no_cover, override_professor_session, override_session_with_data, override_session_without_data, override_student_session, pytestconfig, record_property, record_testsuite_property, record_xml_attribute, recwarn, tests/test_main.py::&lt;event_loop&gt;, tmp_path, tmp_path_factory, tmpdir, tmpdir_factory, unused_tcp_port, unused_tcp_port_factory, unused_udp_port, unused_udp_port_factory&#10;&gt;       use 'pytest --fixtures [testpath]' for help on them.&#10;&#10;/Users/udivak/Desktop/Software Engineering/BS-PM-2025-TEAM14/backend/tests/test_main.py:9&quot;">file /Users/udivak/Desktop/Software Engineering/BS-PM-2025-TEAM14/backend/tests/test_main.py, line 9
  @pytest.mark.parametrize("email,password,code", [
      ("student1@sce.ac.il", "password", 200),
      ("nosuch@sce.ac.il", "password", 404),
      ("student1@sce.ac.il", "BAD", 401),
  ])

  def test_login_matrix(request, fixture, email, password, code):
E       fixture 'fixture' not found
&gt;       available fixtures: .::&lt;event_loop&gt;, _session_event_loop, anyio_backend, anyio_backend_name, anyio_backend_options, cache, capfd, capfdbinary, caplog, capsys, capsysbinary, cov, doctest_namespace, event_loop, event_loop_policy, include_metadata_in_junit_xml, json_metadata, metadata, monkeypatch, no_cover, override_professor_session, override_session_with_data, override_session_without_data, override_student_session, pytestconfig, record_property, record_testsuite_property, record_xml_attribute, recwarn, tests/test_main.py::&lt;event_loop&gt;, tmp_path, tmp_path_factory, tmpdir, tmpdir_factory, unused_tcp_port, unused_tcp_port_factory, unused_udp_port, unused_udp_port_factory
&gt;       use 'pytest --fixtures [testpath]' for help on them.

/Users/udivak/Desktop/Software Engineering/BS-PM-2025-TEAM14/backend/tests/test_main.py:9</error></testcase><testcase classname="tests.test_main" name="test_login_success" time="0.690" /><testcase classname="tests.test_main" name="test_login_fail" time="0.540" /><testcase classname="tests.test_main" name="test_create_access_token" time="0.001" /><testcase classname="tests.test_main" name="test_verify_token_professor" time="0.002" /><testcase classname="tests.test_main" name="test_home" time="0.005" /><testcase classname="tests.test_main" name="test_list_databases" time="0.004" /><testcase classname="tests.test_main" name="test_list_tables" time="0.005" /><testcase classname="tests.test_main" name="test_list_users" time="2.188" /><testcase classname="tests.test_main" name="test_get_requests_specific" time="0.550" /><testcase classname="tests.test_main" name="test_get_users" time="0.276" /><testcase classname="tests.test_main" name="test_create_user" time="0.541" /><testcase classname="tests.test_main" name="test_create_user_duplicate" time="0.272" /><testcase classname="tests.test_main" name="test_set_role" time="0.277" /><testcase classname="tests.test_main" name="test_get_user_student" time="0.542" /><testcase classname="tests.test_main" name="test_get_user_professor" time="0.543" /><testcase classname="tests.test_main" name="test_get_courses" time="0.551" /><testcase classname="tests.test_main" name="test_get_student_courses" time="0.278" /><testcase classname="tests.test_main" name="test_get_student_courses_invalid_email" time="0.005" /><testcase classname="tests.test_main" name="test_get_student_courses_empty_email" time="0.005" /><testcase classname="tests.test_main" name="test_upload_missing_filetype" time="0.014" /><testcase classname="tests.test_main" name="test_upload_file_success" time="0.010" /><testcase classname="tests.test_main" name="test_reload_files" time="0.007" /><testcase classname="tests.test_main" name="test_create_general_request" time="0.279" /><testcase classname="tests.test_main" name="test_create_grade_appeal_request" time="0.275" /><testcase classname="tests.test_main" name="test_create_schedule_change_request" time="0.274" /><testcase classname="tests.test_main" name="test_create_request_missing_title" time="0.005" /><testcase classname="tests.test_main" name="test_create_request_missing_student_email" time="0.005" /><testcase classname="tests.test_main" name="test_create_request_invalid_grade_appeal" time="0.006" /><testcase classname="tests.test_main" name="test_create_request_invalid_schedule_change" time="0.006" /></testsuite></testsuites>