<?xml version="1.0" encoding="utf-8"?><testsuites><testsuite name="pytest" errors="0" failures="0" skipped="0" tests="6" time="7.069" timestamp="2025-05-23T13:51:10.227513+03:00" hostname="DESKTOP-KKC38H5"><testcase classname="tests.test_integration_api" name="test_full_flow" time="1.213" /><testcase classname="tests.test_integration_api" name="test_ai_service_integration" time="0.191" /><testcase classname="tests.test_integration_api" name="test_file_upload_download_integration" time="0.583" /><testcase classname="tests.test_integration_api" name="test_professor_student_assignment_integration" time="1.422" /><testcase classname="tests.test_integration_api" name="test_grade_management_integration" time="1.407" /><testcase classname="tests.test_integration_api" name="test_professor_availability_integration" time="0.515" /></testsuite></testsuites>