<?xml version="1.0" encoding="utf-8"?><testsuites><testsuite name="pytest" errors="0" failures="0" skipped="0" tests="5" time="1.416" timestamp="2025-05-19T19:40:16.912669+03:00" hostname="Udis-MacBook-Pro.local"><testcase classname="tests.test_db_connection" name="test_add_user_and_duplicate" time="0.195" /><testcase classname="tests.test_db_connection" name="test_add_user_professor" time="0.058" /><testcase classname="tests.test_db_connection" name="test_direct_add_and_update" time="0.077" /><testcase classname="tests.test_db_connection" name="test_requests_and_notifications_flow" time="0.094" /><testcase classname="tests.test_db_connection" name="test_course_student_course_and_response_and_assign" time="0.191" /></testsuite></testsuites>