<?xml version="1.0" encoding="utf-8"?><testsuites><testsuite name="pytest" errors="0" failures="0" skipped="0" tests="27" time="13.924" timestamp="2025-05-18T14:20:10.972541+03:00" hostname="Udis-MacBook-Pro.local"><testcase classname="tests.test_main" name="test_login_success" time="0.663" /><testcase classname="tests.test_main" name="test_login_fail" time="0.581" /><testcase classname="tests.test_main" name="test_create_access_token" time="0.001" /><testcase classname="tests.test_main" name="test_verify_token_professor" time="0.003" /><testcase classname="tests.test_main" name="test_home" time="0.006" /><testcase classname="tests.test_main" name="test_list_databases" time="0.005" /><testcase classname="tests.test_main" name="test_list_tables" time="0.012" /><testcase classname="tests.test_main" name="test_list_users" time="1.635" /><testcase classname="tests.test_main" name="test_get_requests_specific" time="0.983" /><testcase classname="tests.test_main" name="test_get_users" time="0.366" /><testcase classname="tests.test_main" name="test_create_user" time="0.641" /><testcase classname="tests.test_main" name="test_set_role" time="0.317" /><testcase classname="tests.test_main" name="test_get_user_student" time="0.812" /><testcase classname="tests.test_main" name="test_get_user_professor" time="0.610" /><testcase classname="tests.test_main" name="test_get_courses" time="0.600" /><testcase classname="tests.test_main" name="test_get_student_courses" time="0.305" /><testcase classname="tests.test_main" name="test_get_student_courses_invalid_email" time="0.006" /><testcase classname="tests.test_main" name="test_get_student_courses_empty_email" time="0.009" /><testcase classname="tests.test_main" name="test_upload_file_success" time="0.018" /><testcase classname="tests.test_main" name="test_reload_files" time="0.008" /><testcase classname="tests.test_main" name="test_create_general_request" time="0.306" /><testcase classname="tests.test_main" name="test_create_grade_appeal_request" time="0.290" /><testcase classname="tests.test_main" name="test_create_schedule_change_request" time="0.296" /><testcase classname="tests.test_main" name="test_create_request_missing_title" time="0.006" /><testcase classname="tests.test_main" name="test_create_request_missing_student_email" time="0.008" /><testcase classname="tests.test_main" name="test_create_request_invalid_grade_appeal" time="0.009" /><testcase classname="tests.test_main" name="test_create_request_invalid_schedule_change" time="0.007" /></testsuite></testsuites>